<?xml version="1.0" encoding="UTF-8"?>
<coverage generated="1645587418647" clover="3.2.0">
  <project timestamp="1645587418647" name="All files">
    <metrics statements="182" coveredstatements="64" conditionals="65" coveredconditionals="14" methods="79" coveredmethods="21" elements="326" coveredelements="99" complexity="0" loc="182" ncloc="182" packages="1" files="10" classes="10"/>
    <file name="NewReviewForm.jsx" path="/Users/karlithomas/Code/hackreactor/Project-Catwalk/src/Components/RatingsAndReview/NewReviewForm.jsx">
      <metrics statements="52" coveredstatements="18" conditionals="12" coveredconditionals="6" methods="24" coveredmethods="5"/>
      <line num="6" count="1" type="stmt"/>
      <line num="12" count="5" type="stmt"/>
      <line num="34" count="2" type="stmt"/>
      <line num="36" count="2" type="stmt"/>
      <line num="53" count="2" type="stmt"/>
      <line num="54" count="2" type="stmt"/>
      <line num="55" count="2" type="stmt"/>
      <line num="56" count="2" type="stmt"/>
      <line num="57" count="2" type="stmt"/>
      <line num="61" count="0" type="stmt"/>
      <line num="62" count="0" type="stmt"/>
      <line num="63" count="0" type="stmt"/>
      <line num="67" count="0" type="stmt"/>
      <line num="68" count="0" type="stmt"/>
      <line num="78" count="1" type="stmt"/>
      <line num="79" count="1" type="stmt"/>
      <line num="85" count="0" type="stmt"/>
      <line num="86" count="0" type="stmt"/>
      <line num="105" count="0" type="stmt"/>
      <line num="106" count="0" type="stmt"/>
      <line num="107" count="0" type="stmt"/>
      <line num="108" count="0" type="stmt"/>
      <line num="109" count="0" type="stmt"/>
      <line num="111" count="0" type="stmt"/>
      <line num="117" count="0" type="stmt"/>
      <line num="118" count="0" type="stmt"/>
      <line num="122" count="0" type="stmt"/>
      <line num="126" count="0" type="stmt"/>
      <line num="132" count="0" type="stmt"/>
      <line num="142" count="0" type="stmt"/>
      <line num="144" count="0" type="stmt"/>
      <line num="156" count="0" type="stmt"/>
      <line num="157" count="0" type="cond" truecount="0" falsecount="2"/>
      <line num="158" count="0" type="stmt"/>
      <line num="162" count="0" type="stmt"/>
      <line num="168" count="0" type="stmt"/>
      <line num="171" count="0" type="stmt"/>
      <line num="189" count="0" type="stmt"/>
      <line num="204" count="3" type="stmt"/>
      <line num="209" count="3" type="stmt"/>
      <line num="211" count="3" type="stmt"/>
      <line num="215" count="3" type="stmt"/>
      <line num="225" count="3" type="cond" truecount="2" falsecount="0"/>
      <line num="226" count="2" type="stmt"/>
      <line num="232" count="1" type="stmt"/>
      <line num="243" count="0" type="stmt"/>
      <line num="259" count="0" type="stmt"/>
      <line num="263" count="0" type="stmt"/>
      <line num="270" count="0" type="stmt"/>
      <line num="272" count="0" type="stmt"/>
      <line num="282" count="0" type="stmt"/>
      <line num="286" count="0" type="stmt"/>
    </file>
    <file name="ProductBreakdown.jsx" path="/Users/karlithomas/Code/hackreactor/Project-Catwalk/src/Components/RatingsAndReview/ProductBreakdown.jsx">
      <metrics statements="2" coveredstatements="0" conditionals="2" coveredconditionals="0" methods="1" coveredmethods="0"/>
      <line num="4" count="0" type="cond" truecount="0" falsecount="2"/>
      <line num="5" count="0" type="stmt"/>
    </file>
    <file name="RARApp.jsx" path="/Users/karlithomas/Code/hackreactor/Project-Catwalk/src/Components/RatingsAndReview/RARApp.jsx">
      <metrics statements="46" coveredstatements="21" conditionals="15" coveredconditionals="4" methods="18" coveredmethods="7"/>
      <line num="11" count="1" type="stmt"/>
      <line num="12" count="0" type="stmt"/>
      <line num="13" count="0" type="stmt"/>
      <line num="14" count="0" type="stmt"/>
      <line num="15" count="0" type="stmt"/>
      <line num="18" count="0" type="stmt"/>
      <line num="19" count="0" type="stmt"/>
      <line num="20" count="0" type="stmt"/>
      <line num="21" count="0" type="cond" truecount="0" falsecount="2"/>
      <line num="22" count="0" type="stmt"/>
      <line num="23" count="0" type="stmt"/>
      <line num="26" count="0" type="stmt"/>
      <line num="31" count="2" type="stmt"/>
      <line num="33" count="2" type="stmt"/>
      <line num="42" count="2" type="stmt"/>
      <line num="43" count="2" type="stmt"/>
      <line num="44" count="2" type="stmt"/>
      <line num="45" count="2" type="stmt"/>
      <line num="49" count="2" type="cond" truecount="1" falsecount="1"/>
      <line num="51" count="2" type="stmt"/>
      <line num="52" count="2" type="stmt"/>
      <line num="57" count="0" type="cond" truecount="0" falsecount="5"/>
      <line num="60" count="0" type="stmt"/>
      <line num="61" count="0" type="stmt"/>
      <line num="66" count="2" type="stmt"/>
      <line num="71" count="0" type="stmt"/>
      <line num="76" count="2" type="stmt"/>
      <line num="81" count="2" type="stmt"/>
      <line num="86" count="0" type="stmt"/>
      <line num="91" count="2" type="stmt"/>
      <line num="95" count="0" type="stmt"/>
      <line num="96" count="0" type="cond" truecount="0" falsecount="2"/>
      <line num="97" count="0" type="stmt"/>
      <line num="99" count="0" type="stmt"/>
      <line num="102" count="0" type="stmt"/>
      <line num="106" count="0" type="stmt"/>
      <line num="107" count="0" type="stmt"/>
      <line num="113" count="2" type="stmt"/>
      <line num="114" count="2" type="stmt"/>
      <line num="117" count="2" type="stmt"/>
      <line num="119" count="2" type="cond" truecount="1" falsecount="1"/>
      <line num="120" count="0" type="stmt"/>
      <line num="123" count="2" type="stmt"/>
      <line num="133" count="2" type="cond" truecount="2" falsecount="0"/>
      <line num="134" count="0" type="stmt"/>
      <line num="144" count="2" type="stmt"/>
    </file>
    <file name="RatingBreakdown.jsx" path="/Users/karlithomas/Code/hackreactor/Project-Catwalk/src/Components/RatingsAndReview/RatingBreakdown.jsx">
      <metrics statements="17" coveredstatements="10" conditionals="8" coveredconditionals="1" methods="10" coveredmethods="5"/>
      <line num="6" count="2" type="stmt"/>
      <line num="7" count="2" type="stmt"/>
      <line num="11" count="2" type="stmt"/>
      <line num="15" count="2" type="stmt"/>
      <line num="19" count="0" type="cond" truecount="0" falsecount="2"/>
      <line num="20" count="0" type="stmt"/>
      <line num="25" count="2" type="stmt"/>
      <line num="30" count="0" type="stmt"/>
      <line num="38" count="2" type="stmt"/>
      <line num="43" count="2" type="stmt"/>
      <line num="44" count="2" type="stmt"/>
      <line num="46" count="2" type="cond" truecount="1" falsecount="1"/>
      <line num="47" count="2" type="stmt"/>
      <line num="50" count="0" type="stmt"/>
      <line num="52" count="0" type="stmt"/>
      <line num="56" count="0" type="stmt"/>
      <line num="59" count="0" type="stmt"/>
    </file>
    <file name="ReviewPhotoModal.jsx" path="/Users/karlithomas/Code/hackreactor/Project-Catwalk/src/Components/RatingsAndReview/ReviewPhotoModal.jsx">
      <metrics statements="2" coveredstatements="0" conditionals="0" coveredconditionals="0" methods="2" coveredmethods="0"/>
      <line num="5" count="0" type="stmt"/>
      <line num="9" count="0" type="stmt"/>
    </file>
    <file name="ReviewPhotos.jsx" path="/Users/karlithomas/Code/hackreactor/Project-Catwalk/src/Components/RatingsAndReview/ReviewPhotos.jsx">
      <metrics statements="7" coveredstatements="2" conditionals="4" coveredconditionals="1" methods="3" coveredmethods="1"/>
      <line num="7" count="1" type="stmt"/>
      <line num="9" count="1" type="stmt"/>
      <line num="12" count="0" type="stmt"/>
      <line num="13" count="0" type="cond" truecount="0" falsecount="2"/>
      <line num="14" count="0" type="stmt"/>
      <line num="16" count="0" type="stmt"/>
      <line num="22" count="0" type="stmt"/>
    </file>
    <file name="ReviewTile.jsx" path="/Users/karlithomas/Code/hackreactor/Project-Catwalk/src/Components/RatingsAndReview/ReviewTile.jsx">
      <metrics statements="20" coveredstatements="1" conditionals="14" coveredconditionals="0" methods="10" coveredmethods="0"/>
      <line num="8" count="1" type="stmt"/>
      <line num="20" count="0" type="stmt"/>
      <line num="22" count="0" type="stmt"/>
      <line num="27" count="0" type="stmt"/>
      <line num="28" count="0" type="stmt"/>
      <line num="29" count="0" type="stmt"/>
      <line num="33" count="0" type="stmt"/>
      <line num="38" count="0" type="stmt"/>
      <line num="44" count="0" type="stmt"/>
      <line num="49" count="0" type="stmt"/>
      <line num="54" count="0" type="stmt"/>
      <line num="57" count="0" type="stmt"/>
      <line num="62" count="0" type="stmt"/>
      <line num="71" count="0" type="stmt"/>
      <line num="72" count="0" type="stmt"/>
      <line num="73" count="0" type="stmt"/>
      <line num="74" count="0" type="stmt"/>
      <line num="81" count="0" type="cond" truecount="0" falsecount="2"/>
      <line num="82" count="0" type="stmt"/>
      <line num="85" count="0" type="stmt"/>
    </file>
    <file name="Reviews.jsx" path="/Users/karlithomas/Code/hackreactor/Project-Catwalk/src/Components/RatingsAndReview/Reviews.jsx">
      <metrics statements="8" coveredstatements="5" conditionals="2" coveredconditionals="1" methods="5" coveredmethods="2"/>
      <line num="7" count="2" type="stmt"/>
      <line num="9" count="2" type="stmt"/>
      <line num="13" count="2" type="stmt"/>
      <line num="17" count="0" type="stmt"/>
      <line num="18" count="0" type="stmt"/>
      <line num="22" count="2" type="stmt"/>
      <line num="23" count="2" type="stmt"/>
      <line num="26" count="0" type="stmt"/>
    </file>
    <file name="StarRating.jsx" path="/Users/karlithomas/Code/hackreactor/Project-Catwalk/src/Components/RatingsAndReview/StarRating.jsx">
      <metrics statements="5" coveredstatements="5" conditionals="2" coveredconditionals="1" methods="1" coveredmethods="1"/>
      <line num="5" count="1" type="stmt"/>
      <line num="6" count="2" type="stmt"/>
      <line num="7" count="2" type="stmt"/>
      <line num="10" count="2" type="stmt"/>
      <line num="21" count="1" type="stmt"/>
    </file>
    <file name="StarRatingFetcher.jsx" path="/Users/karlithomas/Code/hackreactor/Project-Catwalk/src/Components/RatingsAndReview/StarRatingFetcher.jsx">
      <metrics statements="23" coveredstatements="2" conditionals="6" coveredconditionals="0" methods="5" coveredmethods="0"/>
      <line num="6" count="1" type="stmt"/>
      <line num="7" count="0" type="stmt"/>
      <line num="8" count="0" type="stmt"/>
      <line num="9" count="0" type="stmt"/>
      <line num="10" count="0" type="stmt"/>
      <line num="13" count="0" type="stmt"/>
      <line num="14" count="0" type="stmt"/>
      <line num="15" count="0" type="stmt"/>
      <line num="16" count="0" type="cond" truecount="0" falsecount="2"/>
      <line num="17" count="0" type="stmt"/>
      <line num="18" count="0" type="stmt"/>
      <line num="21" count="0" type="stmt"/>
      <line num="25" count="1" type="stmt"/>
      <line num="26" count="0" type="stmt"/>
      <line num="27" count="0" type="stmt"/>
      <line num="28" count="0" type="cond" truecount="0" falsecount="2"/>
      <line num="29" count="0" type="stmt"/>
      <line num="32" count="0" type="stmt"/>
      <line num="37" count="0" type="cond" truecount="0" falsecount="2"/>
      <line num="38" count="0" type="stmt"/>
      <line num="40" count="0" type="stmt"/>
      <line num="44" count="0" type="stmt"/>
      <line num="48" count="0" type="stmt"/>
    </file>
  </project>
</coverage>
