{"/Users/karlithomas/Code/hackreactor/Project-Catwalk/src/Components/RatingsAndReview/NewReviewForm.jsx": {"path":"/Users/karlithomas/Code/hackreactor/Project-Catwalk/src/Components/RatingsAndReview/NewReviewForm.jsx","statementMap":{"0":{"start":{"line":6,"column":2},"end":{"line":29,"column":4}},"1":{"start":{"line":12,"column":12},"end":{"line":23,"column":20}},"2":{"start":{"line":34,"column":4},"end":{"line":34,"column":17}},"3":{"start":{"line":36,"column":4},"end":{"line":51,"column":6}},"4":{"start":{"line":53,"column":4},"end":{"line":53,"column":53}},"5":{"start":{"line":54,"column":4},"end":{"line":54,"column":53}},"6":{"start":{"line":55,"column":4},"end":{"line":55,"column":55}},"7":{"start":{"line":56,"column":4},"end":{"line":56,"column":51}},"8":{"start":{"line":57,"column":4},"end":{"line":57,"column":53}},"9":{"start":{"line":61,"column":21},"end":{"line":61,"column":23}},"10":{"start":{"line":62,"column":4},"end":{"line":62,"column":59}},"11":{"start":{"line":63,"column":4},"end":{"line":63,"column":28}},"12":{"start":{"line":67,"column":4},"end":{"line":67,"column":27}},"13":{"start":{"line":68,"column":4},"end":{"line":70,"column":7}},"14":{"start":{"line":78,"column":4},"end":{"line":78,"column":27}},"15":{"start":{"line":79,"column":4},"end":{"line":81,"column":7}},"16":{"start":{"line":85,"column":4},"end":{"line":85,"column":27}},"17":{"start":{"line":86,"column":4},"end":{"line":101,"column":7}},"18":{"start":{"line":105,"column":4},"end":{"line":105,"column":27}},"19":{"start":{"line":106,"column":17},"end":{"line":106,"column":31}},"20":{"start":{"line":107,"column":4},"end":{"line":107,"column":47}},"21":{"start":{"line":108,"column":4},"end":{"line":108,"column":44}},"22":{"start":{"line":109,"column":4},"end":{"line":109,"column":43}},"23":{"start":{"line":111,"column":4},"end":{"line":122,"column":40}},"24":{"start":{"line":117,"column":36},"end":{"line":117,"column":39}},"25":{"start":{"line":118,"column":8},"end":{"line":120,"column":12}},"26":{"start":{"line":118,"column":37},"end":{"line":120,"column":9}},"27":{"start":{"line":122,"column":22},"end":{"line":122,"column":38}},"28":{"start":{"line":126,"column":4},"end":{"line":126,"column":27}},"29":{"start":{"line":132,"column":8},"end":{"line":132,"column":18}},"30":{"start":{"line":142,"column":8},"end":{"line":142,"column":18}},"31":{"start":{"line":144,"column":23},"end":{"line":154,"column":5}},"32":{"start":{"line":156,"column":4},"end":{"line":160,"column":7}},"33":{"start":{"line":157,"column":6},"end":{"line":159,"column":7}},"34":{"start":{"line":158,"column":8},"end":{"line":158,"column":78}},"35":{"start":{"line":162,"column":4},"end":{"line":190,"column":9}},"36":{"start":{"line":168,"column":8},"end":{"line":168,"column":31}},"37":{"start":{"line":171,"column":8},"end":{"line":186,"column":11}},"38":{"start":{"line":189,"column":8},"end":{"line":189,"column":27}},"39":{"start":{"line":204,"column":8},"end":{"line":204,"column":18}},"40":{"start":{"line":209,"column":8},"end":{"line":209,"column":18}},"41":{"start":{"line":211,"column":24},"end":{"line":213,"column":5}},"42":{"start":{"line":215,"column":25},"end":{"line":223,"column":5}},"43":{"start":{"line":225,"column":4},"end":{"line":231,"column":5}},"44":{"start":{"line":226,"column":6},"end":{"line":230,"column":8}},"45":{"start":{"line":232,"column":4},"end":{"line":295,"column":6}},"46":{"start":{"line":243,"column":47},"end":{"line":243,"column":82}},"47":{"start":{"line":259,"column":18},"end":{"line":265,"column":20}},"48":{"start":{"line":263,"column":41},"end":{"line":263,"column":72}},"49":{"start":{"line":270,"column":110},"end":{"line":270,"column":145}},"50":{"start":{"line":272,"column":138},"end":{"line":272,"column":170}},"51":{"start":{"line":282,"column":119},"end":{"line":282,"column":155}},"52":{"start":{"line":286,"column":115},"end":{"line":286,"column":148}}},"fnMap":{"0":{"name":"StarPicker","decl":{"start":{"line":5,"column":9},"end":{"line":5,"column":19}},"loc":{"start":{"line":5,"column":58},"end":{"line":30,"column":1}},"line":5},"1":{"name":"(anonymous_1)","decl":{"start":{"line":11,"column":30},"end":{"line":11,"column":31}},"loc":{"start":{"line":12,"column":12},"end":{"line":23,"column":20}},"line":12},"2":{"name":"(anonymous_2)","decl":{"start":{"line":33,"column":2},"end":{"line":33,"column":3}},"loc":{"start":{"line":33,"column":21},"end":{"line":58,"column":3}},"line":33},"3":{"name":"(anonymous_3)","decl":{"start":{"line":60,"column":2},"end":{"line":60,"column":3}},"loc":{"start":{"line":60,"column":34},"end":{"line":64,"column":3}},"line":60},"4":{"name":"(anonymous_4)","decl":{"start":{"line":66,"column":2},"end":{"line":66,"column":3}},"loc":{"start":{"line":66,"column":32},"end":{"line":71,"column":3}},"line":66},"5":{"name":"(anonymous_5)","decl":{"start":{"line":77,"column":2},"end":{"line":77,"column":3}},"loc":{"start":{"line":77,"column":22},"end":{"line":82,"column":3}},"line":77},"6":{"name":"(anonymous_6)","decl":{"start":{"line":84,"column":2},"end":{"line":84,"column":3}},"loc":{"start":{"line":84,"column":22},"end":{"line":102,"column":3}},"line":84},"7":{"name":"(anonymous_7)","decl":{"start":{"line":104,"column":2},"end":{"line":104,"column":3}},"loc":{"start":{"line":104,"column":21},"end":{"line":123,"column":3}},"line":104},"8":{"name":"(anonymous_8)","decl":{"start":{"line":116,"column":12},"end":{"line":116,"column":13}},"loc":{"start":{"line":116,"column":21},"end":{"line":121,"column":7}},"line":116},"9":{"name":"(anonymous_9)","decl":{"start":{"line":118,"column":22},"end":{"line":118,"column":23}},"loc":{"start":{"line":118,"column":37},"end":{"line":120,"column":9}},"line":118},"10":{"name":"(anonymous_10)","decl":{"start":{"line":122,"column":13},"end":{"line":122,"column":14}},"loc":{"start":{"line":122,"column":22},"end":{"line":122,"column":38}},"line":122},"11":{"name":"(anonymous_11)","decl":{"start":{"line":125,"column":2},"end":{"line":125,"column":3}},"loc":{"start":{"line":125,"column":22},"end":{"line":191,"column":3}},"line":125},"12":{"name":"(anonymous_12)","decl":{"start":{"line":156,"column":41},"end":{"line":156,"column":42}},"loc":{"start":{"line":156,"column":50},"end":{"line":160,"column":5}},"line":156},"13":{"name":"(anonymous_13)","decl":{"start":{"line":167,"column":12},"end":{"line":167,"column":13}},"loc":{"start":{"line":167,"column":18},"end":{"line":169,"column":7}},"line":167},"14":{"name":"(anonymous_14)","decl":{"start":{"line":170,"column":12},"end":{"line":170,"column":13}},"loc":{"start":{"line":170,"column":18},"end":{"line":187,"column":7}},"line":170},"15":{"name":"(anonymous_15)","decl":{"start":{"line":188,"column":13},"end":{"line":188,"column":14}},"loc":{"start":{"line":188,"column":24},"end":{"line":190,"column":7}},"line":188},"16":{"name":"(anonymous_16)","decl":{"start":{"line":193,"column":2},"end":{"line":193,"column":3}},"loc":{"start":{"line":193,"column":11},"end":{"line":296,"column":3}},"line":193},"17":{"name":"(anonymous_17)","decl":{"start":{"line":243,"column":36},"end":{"line":243,"column":37}},"loc":{"start":{"line":243,"column":47},"end":{"line":243,"column":82}},"line":243},"18":{"name":"(anonymous_18)","decl":{"start":{"line":258,"column":49},"end":{"line":258,"column":50}},"loc":{"start":{"line":259,"column":18},"end":{"line":265,"column":20}},"line":259},"19":{"name":"(anonymous_19)","decl":{"start":{"line":263,"column":30},"end":{"line":263,"column":31}},"loc":{"start":{"line":263,"column":41},"end":{"line":263,"column":72}},"line":263},"20":{"name":"(anonymous_20)","decl":{"start":{"line":270,"column":99},"end":{"line":270,"column":100}},"loc":{"start":{"line":270,"column":110},"end":{"line":270,"column":145}},"line":270},"21":{"name":"(anonymous_21)","decl":{"start":{"line":272,"column":127},"end":{"line":272,"column":128}},"loc":{"start":{"line":272,"column":138},"end":{"line":272,"column":170}},"line":272},"22":{"name":"(anonymous_22)","decl":{"start":{"line":282,"column":108},"end":{"line":282,"column":109}},"loc":{"start":{"line":282,"column":119},"end":{"line":282,"column":155}},"line":282},"23":{"name":"(anonymous_23)","decl":{"start":{"line":286,"column":104},"end":{"line":286,"column":105}},"loc":{"start":{"line":286,"column":115},"end":{"line":286,"column":148}},"line":286}},"branchMap":{"0":{"loc":{"start":{"line":8,"column":7},"end":{"line":8,"column":55}},"type":"binary-expr","locations":[{"start":{"line":8,"column":7},"end":{"line":8,"column":11}},{"start":{"line":8,"column":15},"end":{"line":8,"column":55}}],"line":8},"1":{"loc":{"start":{"line":13,"column":15},"end":{"line":13,"column":48}},"type":"cond-expr","locations":[{"start":{"line":13,"column":39},"end":{"line":13,"column":42}},{"start":{"line":13,"column":45},"end":{"line":13,"column":48}}],"line":13},"2":{"loc":{"start":{"line":13,"column":16},"end":{"line":13,"column":35}},"type":"binary-expr","locations":[{"start":{"line":13,"column":16},"end":{"line":13,"column":21}},{"start":{"line":13,"column":25},"end":{"line":13,"column":35}}],"line":13},"3":{"loc":{"start":{"line":157,"column":6},"end":{"line":159,"column":7}},"type":"if","locations":[{"start":{"line":157,"column":6},"end":{"line":159,"column":7}},{"start":{},"end":{}}],"line":157},"4":{"loc":{"start":{"line":225,"column":4},"end":{"line":231,"column":5}},"type":"if","locations":[{"start":{"line":225,"column":4},"end":{"line":231,"column":5}},{"start":{},"end":{}}],"line":225},"5":{"loc":{"start":{"line":275,"column":15},"end":{"line":276,"column":111}},"type":"cond-expr","locations":[{"start":{"line":276,"column":18},"end":{"line":276,"column":88}},{"start":{"line":276,"column":91},"end":{"line":276,"column":111}}],"line":275}},"s":{"0":1,"1":5,"2":2,"3":2,"4":2,"5":2,"6":2,"7":2,"8":2,"9":0,"10":0,"11":0,"12":0,"13":0,"14":1,"15":1,"16":0,"17":0,"18":0,"19":0,"20":0,"21":0,"22":0,"23":0,"24":0,"25":0,"26":0,"27":0,"28":0,"29":0,"30":0,"31":0,"32":0,"33":0,"34":0,"35":0,"36":0,"37":0,"38":0,"39":3,"40":3,"41":3,"42":3,"43":3,"44":2,"45":1,"46":0,"47":0,"48":0,"49":0,"50":0,"51":0,"52":0},"f":{"0":1,"1":5,"2":2,"3":0,"4":0,"5":1,"6":0,"7":0,"8":0,"9":0,"10":0,"11":0,"12":0,"13":0,"14":0,"15":0,"16":3,"17":0,"18":0,"19":0,"20":0,"21":0,"22":0,"23":0},"b":{"0":[1,0],"1":[0,5],"2":[5,0],"3":[0,0],"4":[2,1],"5":[1,0]},"_coverageSchema":"1a1c01bbd47fc00a2c39e90264f33305004495a9","hash":"dae75f2dd14c90376e9173447a9d23475158a3bd"}
,"/Users/karlithomas/Code/hackreactor/Project-Catwalk/src/Components/RatingsAndReview/ProductBreakdown.jsx": {"path":"/Users/karlithomas/Code/hackreactor/Project-Catwalk/src/Components/RatingsAndReview/ProductBreakdown.jsx","statementMap":{"0":{"start":{"line":4,"column":15},"end":{"line":4,"column":46}},"1":{"start":{"line":5,"column":2},"end":{"line":15,"column":4}}},"fnMap":{"0":{"name":"ProductBreakdown","decl":{"start":{"line":3,"column":9},"end":{"line":3,"column":25}},"loc":{"start":{"line":3,"column":52},"end":{"line":16,"column":1}},"line":3}},"branchMap":{"0":{"loc":{"start":{"line":4,"column":24},"end":{"line":4,"column":35}},"type":"binary-expr","locations":[{"start":{"line":4,"column":24},"end":{"line":4,"column":30}},{"start":{"line":4,"column":34},"end":{"line":4,"column":35}}],"line":4}},"s":{"0":0,"1":0},"f":{"0":0},"b":{"0":[0,0]},"_coverageSchema":"1a1c01bbd47fc00a2c39e90264f33305004495a9","hash":"d13c02508237b8d1a8f2d226f15b0a9e8160283a"}
,"/Users/karlithomas/Code/hackreactor/Project-Catwalk/src/Components/RatingsAndReview/RARApp.jsx": {"path":"/Users/karlithomas/Code/hackreactor/Project-Catwalk/src/Components/RatingsAndReview/RARApp.jsx","statementMap":{"0":{"start":{"line":11,"column":26},"end":{"line":27,"column":1}},"1":{"start":{"line":12,"column":12},"end":{"line":12,"column":14}},"2":{"start":{"line":13,"column":2},"end":{"line":16,"column":3}},"3":{"start":{"line":13,"column":15},"end":{"line":13,"column":16}},"4":{"start":{"line":13,"column":25},"end":{"line":13,"column":45}},"5":{"start":{"line":14,"column":14},"end":{"line":14,"column":21}},"6":{"start":{"line":15,"column":4},"end":{"line":15,"column":50}},"7":{"start":{"line":18,"column":16},"end":{"line":18,"column":17}},"8":{"start":{"line":19,"column":21},"end":{"line":19,"column":22}},"9":{"start":{"line":20,"column":2},"end":{"line":25,"column":3}},"10":{"start":{"line":20,"column":15},"end":{"line":20,"column":16}},"11":{"start":{"line":21,"column":4},"end":{"line":24,"column":5}},"12":{"start":{"line":22,"column":6},"end":{"line":22,"column":26}},"13":{"start":{"line":23,"column":6},"end":{"line":23,"column":27}},"14":{"start":{"line":26,"column":2},"end":{"line":26,"column":32}},"15":{"start":{"line":31,"column":4},"end":{"line":31,"column":17}},"16":{"start":{"line":33,"column":4},"end":{"line":41,"column":6}},"17":{"start":{"line":42,"column":4},"end":{"line":42,"column":49}},"18":{"start":{"line":43,"column":4},"end":{"line":43,"column":43}},"19":{"start":{"line":44,"column":4},"end":{"line":44,"column":49}},"20":{"start":{"line":45,"column":4},"end":{"line":45,"column":59}},"21":{"start":{"line":49,"column":4},"end":{"line":53,"column":5}},"22":{"start":{"line":51,"column":6},"end":{"line":51,"column":45}},"23":{"start":{"line":52,"column":6},"end":{"line":52,"column":42}},"24":{"start":{"line":57,"column":4},"end":{"line":62,"column":5}},"25":{"start":{"line":60,"column":6},"end":{"line":60,"column":45}},"26":{"start":{"line":61,"column":6},"end":{"line":61,"column":42}},"27":{"start":{"line":66,"column":4},"end":{"line":77,"column":9}},"28":{"start":{"line":71,"column":8},"end":{"line":73,"column":11}},"29":{"start":{"line":76,"column":8},"end":{"line":76,"column":27}},"30":{"start":{"line":81,"column":4},"end":{"line":91,"column":40}},"31":{"start":{"line":86,"column":8},"end":{"line":89,"column":10}},"32":{"start":{"line":91,"column":22},"end":{"line":91,"column":38}},"33":{"start":{"line":95,"column":27},"end":{"line":100,"column":5}},"34":{"start":{"line":96,"column":6},"end":{"line":98,"column":7}},"35":{"start":{"line":97,"column":8},"end":{"line":97,"column":46}},"36":{"start":{"line":97,"column":33},"end":{"line":97,"column":44}},"37":{"start":{"line":99,"column":6},"end":{"line":99,"column":29}},"38":{"start":{"line":102,"column":4},"end":{"line":102,"column":80}},"39":{"start":{"line":102,"column":30},"end":{"line":102,"column":77}},"40":{"start":{"line":106,"column":4},"end":{"line":106,"column":27}},"41":{"start":{"line":107,"column":4},"end":{"line":109,"column":7}},"42":{"start":{"line":113,"column":33},"end":{"line":113,"column":43}},"43":{"start":{"line":114,"column":22},"end":{"line":114,"column":32}},"44":{"start":{"line":117,"column":8},"end":{"line":117,"column":18}},"45":{"start":{"line":119,"column":4},"end":{"line":121,"column":5}},"46":{"start":{"line":120,"column":6},"end":{"line":120,"column":75}},"47":{"start":{"line":120,"column":43},"end":{"line":120,"column":73}},"48":{"start":{"line":123,"column":25},"end":{"line":131,"column":5}},"49":{"start":{"line":133,"column":28},"end":{"line":142,"column":6}},"50":{"start":{"line":134,"column":6},"end":{"line":141,"column":23}},"51":{"start":{"line":144,"column":4},"end":{"line":172,"column":6}}},"fnMap":{"0":{"name":"(anonymous_0)","decl":{"start":{"line":11,"column":26},"end":{"line":11,"column":27}},"loc":{"start":{"line":11,"column":39},"end":{"line":27,"column":1}},"line":11},"1":{"name":"(anonymous_1)","decl":{"start":{"line":30,"column":2},"end":{"line":30,"column":3}},"loc":{"start":{"line":30,"column":21},"end":{"line":46,"column":3}},"line":30},"2":{"name":"(anonymous_2)","decl":{"start":{"line":48,"column":2},"end":{"line":48,"column":3}},"loc":{"start":{"line":48,"column":22},"end":{"line":54,"column":3}},"line":48},"3":{"name":"(anonymous_3)","decl":{"start":{"line":56,"column":2},"end":{"line":56,"column":3}},"loc":{"start":{"line":56,"column":43},"end":{"line":63,"column":3}},"line":56},"4":{"name":"(anonymous_4)","decl":{"start":{"line":65,"column":2},"end":{"line":65,"column":3}},"loc":{"start":{"line":65,"column":17},"end":{"line":78,"column":3}},"line":65},"5":{"name":"(anonymous_5)","decl":{"start":{"line":70,"column":12},"end":{"line":70,"column":13}},"loc":{"start":{"line":70,"column":21},"end":{"line":74,"column":7}},"line":70},"6":{"name":"(anonymous_6)","decl":{"start":{"line":75,"column":13},"end":{"line":75,"column":14}},"loc":{"start":{"line":75,"column":24},"end":{"line":77,"column":7}},"line":75},"7":{"name":"(anonymous_7)","decl":{"start":{"line":80,"column":2},"end":{"line":80,"column":3}},"loc":{"start":{"line":80,"column":21},"end":{"line":92,"column":3}},"line":80},"8":{"name":"(anonymous_8)","decl":{"start":{"line":85,"column":12},"end":{"line":85,"column":13}},"loc":{"start":{"line":86,"column":8},"end":{"line":89,"column":10}},"line":86},"9":{"name":"(anonymous_9)","decl":{"start":{"line":91,"column":13},"end":{"line":91,"column":14}},"loc":{"start":{"line":91,"column":22},"end":{"line":91,"column":38}},"line":91},"10":{"name":"(anonymous_10)","decl":{"start":{"line":94,"column":2},"end":{"line":94,"column":3}},"loc":{"start":{"line":94,"column":25},"end":{"line":103,"column":3}},"line":94},"11":{"name":"(anonymous_11)","decl":{"start":{"line":95,"column":27},"end":{"line":95,"column":28}},"loc":{"start":{"line":95,"column":43},"end":{"line":100,"column":5}},"line":95},"12":{"name":"(anonymous_12)","decl":{"start":{"line":97,"column":26},"end":{"line":97,"column":27}},"loc":{"start":{"line":97,"column":33},"end":{"line":97,"column":44}},"line":97},"13":{"name":"(anonymous_13)","decl":{"start":{"line":102,"column":18},"end":{"line":102,"column":19}},"loc":{"start":{"line":102,"column":30},"end":{"line":102,"column":77}},"line":102},"14":{"name":"(anonymous_14)","decl":{"start":{"line":105,"column":2},"end":{"line":105,"column":3}},"loc":{"start":{"line":105,"column":20},"end":{"line":110,"column":3}},"line":105},"15":{"name":"(anonymous_15)","decl":{"start":{"line":112,"column":2},"end":{"line":112,"column":3}},"loc":{"start":{"line":112,"column":11},"end":{"line":173,"column":3}},"line":112},"16":{"name":"(anonymous_16)","decl":{"start":{"line":120,"column":31},"end":{"line":120,"column":32}},"loc":{"start":{"line":120,"column":43},"end":{"line":120,"column":73}},"line":120},"17":{"name":"(anonymous_17)","decl":{"start":{"line":133,"column":90},"end":{"line":133,"column":91}},"loc":{"start":{"line":134,"column":6},"end":{"line":141,"column":23}},"line":134}},"branchMap":{"0":{"loc":{"start":{"line":21,"column":4},"end":{"line":24,"column":5}},"type":"if","locations":[{"start":{"line":21,"column":4},"end":{"line":24,"column":5}},{"start":{},"end":{}}],"line":21},"1":{"loc":{"start":{"line":49,"column":4},"end":{"line":53,"column":5}},"type":"if","locations":[{"start":{"line":49,"column":4},"end":{"line":53,"column":5}},{"start":{},"end":{}}],"line":49},"2":{"loc":{"start":{"line":57,"column":4},"end":{"line":62,"column":5}},"type":"if","locations":[{"start":{"line":57,"column":4},"end":{"line":62,"column":5}},{"start":{},"end":{}}],"line":57},"3":{"loc":{"start":{"line":57,"column":8},"end":{"line":58,"column":41}},"type":"binary-expr","locations":[{"start":{"line":57,"column":9},"end":{"line":57,"column":27}},{"start":{"line":57,"column":31},"end":{"line":57,"column":77}},{"start":{"line":58,"column":7},"end":{"line":58,"column":41}}],"line":57},"4":{"loc":{"start":{"line":96,"column":6},"end":{"line":98,"column":7}},"type":"if","locations":[{"start":{"line":96,"column":6},"end":{"line":98,"column":7}},{"start":{},"end":{}}],"line":96},"5":{"loc":{"start":{"line":119,"column":4},"end":{"line":121,"column":5}},"type":"if","locations":[{"start":{"line":119,"column":4},"end":{"line":121,"column":5}},{"start":{},"end":{}}],"line":119},"6":{"loc":{"start":{"line":133,"column":28},"end":{"line":142,"column":6}},"type":"binary-expr","locations":[{"start":{"line":133,"column":28},"end":{"line":133,"column":48}},{"start":{"line":133,"column":52},"end":{"line":142,"column":6}}],"line":133}},"s":{"0":1,"1":0,"2":0,"3":0,"4":0,"5":0,"6":0,"7":0,"8":0,"9":0,"10":0,"11":0,"12":0,"13":0,"14":0,"15":2,"16":2,"17":2,"18":2,"19":2,"20":2,"21":2,"22":2,"23":2,"24":0,"25":0,"26":0,"27":2,"28":0,"29":2,"30":2,"31":0,"32":2,"33":0,"34":0,"35":0,"36":0,"37":0,"38":0,"39":0,"40":0,"41":0,"42":2,"43":2,"44":2,"45":2,"46":0,"47":0,"48":2,"49":2,"50":0,"51":2},"f":{"0":0,"1":2,"2":2,"3":0,"4":2,"5":0,"6":2,"7":2,"8":0,"9":2,"10":0,"11":0,"12":0,"13":0,"14":0,"15":2,"16":0,"17":0},"b":{"0":[0,0],"1":[2,0],"2":[0,0],"3":[0,0,0],"4":[0,0],"5":[0,2],"6":[2,2]},"_coverageSchema":"1a1c01bbd47fc00a2c39e90264f33305004495a9","hash":"9f0efc037a902a9b8229863b52bd837a852f8f22"}
,"/Users/karlithomas/Code/hackreactor/Project-Catwalk/src/Components/RatingsAndReview/RatingBreakdown.jsx": {"path":"/Users/karlithomas/Code/hackreactor/Project-Catwalk/src/Components/RatingsAndReview/RatingBreakdown.jsx","statementMap":{"0":{"start":{"line":6,"column":4},"end":{"line":6,"column":17}},"1":{"start":{"line":7,"column":4},"end":{"line":10,"column":6}},"2":{"start":{"line":11,"column":4},"end":{"line":11,"column":49}},"3":{"start":{"line":15,"column":4},"end":{"line":15,"column":22}},"4":{"start":{"line":19,"column":4},"end":{"line":21,"column":5}},"5":{"start":{"line":20,"column":6},"end":{"line":20,"column":24}},"6":{"start":{"line":25,"column":4},"end":{"line":39,"column":9}},"7":{"start":{"line":30,"column":8},"end":{"line":35,"column":11}},"8":{"start":{"line":38,"column":8},"end":{"line":38,"column":27}},"9":{"start":{"line":43,"column":38},"end":{"line":43,"column":48}},"10":{"start":{"line":44,"column":40},"end":{"line":44,"column":50}},"11":{"start":{"line":46,"column":4},"end":{"line":48,"column":5}},"12":{"start":{"line":47,"column":6},"end":{"line":47,"column":18}},"13":{"start":{"line":50,"column":25},"end":{"line":50,"column":91}},"14":{"start":{"line":50,"column":68},"end":{"line":50,"column":87}},"15":{"start":{"line":52,"column":4},"end":{"line":73,"column":6}},"16":{"start":{"line":56,"column":12},"end":{"line":67,"column":18}},"17":{"start":{"line":59,"column":29},"end":{"line":59,"column":45}}},"fnMap":{"0":{"name":"(anonymous_0)","decl":{"start":{"line":5,"column":2},"end":{"line":5,"column":3}},"loc":{"start":{"line":5,"column":21},"end":{"line":12,"column":3}},"line":5},"1":{"name":"(anonymous_1)","decl":{"start":{"line":14,"column":2},"end":{"line":14,"column":3}},"loc":{"start":{"line":14,"column":22},"end":{"line":16,"column":3}},"line":14},"2":{"name":"(anonymous_2)","decl":{"start":{"line":18,"column":2},"end":{"line":18,"column":3}},"loc":{"start":{"line":18,"column":32},"end":{"line":22,"column":3}},"line":18},"3":{"name":"(anonymous_3)","decl":{"start":{"line":24,"column":2},"end":{"line":24,"column":3}},"loc":{"start":{"line":24,"column":15},"end":{"line":40,"column":3}},"line":24},"4":{"name":"(anonymous_4)","decl":{"start":{"line":29,"column":12},"end":{"line":29,"column":13}},"loc":{"start":{"line":29,"column":21},"end":{"line":36,"column":7}},"line":29},"5":{"name":"(anonymous_5)","decl":{"start":{"line":37,"column":13},"end":{"line":37,"column":14}},"loc":{"start":{"line":37,"column":24},"end":{"line":39,"column":7}},"line":37},"6":{"name":"(anonymous_6)","decl":{"start":{"line":42,"column":2},"end":{"line":42,"column":3}},"loc":{"start":{"line":42,"column":11},"end":{"line":74,"column":3}},"line":42},"7":{"name":"(anonymous_7)","decl":{"start":{"line":50,"column":58},"end":{"line":50,"column":59}},"loc":{"start":{"line":50,"column":68},"end":{"line":50,"column":87}},"line":50},"8":{"name":"(anonymous_8)","decl":{"start":{"line":55,"column":30},"end":{"line":55,"column":31}},"loc":{"start":{"line":56,"column":12},"end":{"line":67,"column":18}},"line":56},"9":{"name":"(anonymous_9)","decl":{"start":{"line":59,"column":23},"end":{"line":59,"column":24}},"loc":{"start":{"line":59,"column":29},"end":{"line":59,"column":45}},"line":59}},"branchMap":{"0":{"loc":{"start":{"line":19,"column":4},"end":{"line":21,"column":5}},"type":"if","locations":[{"start":{"line":19,"column":4},"end":{"line":21,"column":5}},{"start":{},"end":{}}],"line":19},"1":{"loc":{"start":{"line":46,"column":4},"end":{"line":48,"column":5}},"type":"if","locations":[{"start":{"line":46,"column":4},"end":{"line":48,"column":5}},{"start":{},"end":{}}],"line":46},"2":{"loc":{"start":{"line":58,"column":25},"end":{"line":58,"column":62}},"type":"cond-expr","locations":[{"start":{"line":58,"column":46},"end":{"line":58,"column":57}},{"start":{"line":58,"column":60},"end":{"line":58,"column":62}}],"line":58},"3":{"loc":{"start":{"line":61,"column":23},"end":{"line":61,"column":35}},"type":"binary-expr","locations":[{"start":{"line":61,"column":23},"end":{"line":61,"column":28}},{"start":{"line":61,"column":32},"end":{"line":61,"column":35}}],"line":61}},"s":{"0":2,"1":2,"2":2,"3":2,"4":0,"5":0,"6":2,"7":0,"8":2,"9":2,"10":2,"11":2,"12":2,"13":0,"14":0,"15":0,"16":0,"17":0},"f":{"0":2,"1":2,"2":0,"3":2,"4":0,"5":2,"6":2,"7":0,"8":0,"9":0},"b":{"0":[0,0],"1":[2,0],"2":[0,0],"3":[0,0]},"_coverageSchema":"1a1c01bbd47fc00a2c39e90264f33305004495a9","hash":"65ee5d7aec3879be5f1107eb6e773f271c1bff12"}
,"/Users/karlithomas/Code/hackreactor/Project-Catwalk/src/Components/RatingsAndReview/ReviewPhotoModal.jsx": {"path":"/Users/karlithomas/Code/hackreactor/Project-Catwalk/src/Components/RatingsAndReview/ReviewPhotoModal.jsx","statementMap":{"0":{"start":{"line":5,"column":2},"end":{"line":16,"column":4}},"1":{"start":{"line":9,"column":33},"end":{"line":9,"column":55}}},"fnMap":{"0":{"name":"ReviewPhotoModal","decl":{"start":{"line":4,"column":9},"end":{"line":4,"column":25}},"loc":{"start":{"line":4,"column":52},"end":{"line":17,"column":1}},"line":4},"1":{"name":"(anonymous_1)","decl":{"start":{"line":9,"column":27},"end":{"line":9,"column":28}},"loc":{"start":{"line":9,"column":33},"end":{"line":9,"column":55}},"line":9}},"branchMap":{},"s":{"0":0,"1":0},"f":{"0":0,"1":0},"b":{},"_coverageSchema":"1a1c01bbd47fc00a2c39e90264f33305004495a9","hash":"eca87b1f1b4c1a6c70ab7c3b5082e1127349f157"}
,"/Users/karlithomas/Code/hackreactor/Project-Catwalk/src/Components/RatingsAndReview/ReviewPhotos.jsx": {"path":"/Users/karlithomas/Code/hackreactor/Project-Catwalk/src/Components/RatingsAndReview/ReviewPhotos.jsx","statementMap":{"0":{"start":{"line":7,"column":46},"end":{"line":7,"column":61}},"1":{"start":{"line":9,"column":2},"end":{"line":31,"column":4}},"2":{"start":{"line":12,"column":23},"end":{"line":12,"column":28}},"3":{"start":{"line":13,"column":8},"end":{"line":15,"column":9}},"4":{"start":{"line":14,"column":10},"end":{"line":14,"column":31}},"5":{"start":{"line":16,"column":8},"end":{"line":25,"column":10}},"6":{"start":{"line":22,"column":31},"end":{"line":22,"column":68}}},"fnMap":{"0":{"name":"ReviewPhotos","decl":{"start":{"line":6,"column":9},"end":{"line":6,"column":21}},"loc":{"start":{"line":6,"column":34},"end":{"line":32,"column":1}},"line":6},"1":{"name":"(anonymous_1)","decl":{"start":{"line":11,"column":18},"end":{"line":11,"column":19}},"loc":{"start":{"line":11,"column":29},"end":{"line":26,"column":7}},"line":11},"2":{"name":"(anonymous_2)","decl":{"start":{"line":22,"column":23},"end":{"line":22,"column":24}},"loc":{"start":{"line":22,"column":29},"end":{"line":22,"column":70}},"line":22}},"branchMap":{"0":{"loc":{"start":{"line":13,"column":8},"end":{"line":15,"column":9}},"type":"if","locations":[{"start":{"line":13,"column":8},"end":{"line":15,"column":9}},{"start":{},"end":{}}],"line":13},"1":{"loc":{"start":{"line":27,"column":7},"end":{"line":29,"column":7}},"type":"binary-expr","locations":[{"start":{"line":27,"column":7},"end":{"line":27,"column":21}},{"start":{"line":28,"column":8},"end":{"line":28,"column":87}}],"line":27}},"s":{"0":1,"1":1,"2":0,"3":0,"4":0,"5":0,"6":0},"f":{"0":1,"1":0,"2":0},"b":{"0":[0,0],"1":[1,0]},"_coverageSchema":"1a1c01bbd47fc00a2c39e90264f33305004495a9","hash":"620955eea5aadebf03124432889dd3c16491b621"}
,"/Users/karlithomas/Code/hackreactor/Project-Catwalk/src/Components/RatingsAndReview/ReviewTile.jsx": {"path":"/Users/karlithomas/Code/hackreactor/Project-Catwalk/src/Components/RatingsAndReview/ReviewTile.jsx","statementMap":{"0":{"start":{"line":8,"column":15},"end":{"line":16,"column":1}},"1":{"start":{"line":20,"column":4},"end":{"line":20,"column":17}},"2":{"start":{"line":22,"column":4},"end":{"line":26,"column":6}},"3":{"start":{"line":27,"column":4},"end":{"line":27,"column":63}},"4":{"start":{"line":28,"column":4},"end":{"line":28,"column":57}},"5":{"start":{"line":29,"column":4},"end":{"line":29,"column":57}},"6":{"start":{"line":33,"column":4},"end":{"line":45,"column":9}},"7":{"start":{"line":38,"column":8},"end":{"line":41,"column":12}},"8":{"start":{"line":38,"column":37},"end":{"line":41,"column":9}},"9":{"start":{"line":44,"column":8},"end":{"line":44,"column":27}},"10":{"start":{"line":49,"column":4},"end":{"line":58,"column":9}},"11":{"start":{"line":54,"column":8},"end":{"line":54,"column":25}},"12":{"start":{"line":57,"column":8},"end":{"line":57,"column":27}},"13":{"start":{"line":62,"column":4},"end":{"line":64,"column":7}},"14":{"start":{"line":71,"column":8},"end":{"line":71,"column":25}},"15":{"start":{"line":72,"column":23},"end":{"line":72,"column":25}},"16":{"start":{"line":73,"column":4},"end":{"line":75,"column":5}},"17":{"start":{"line":73,"column":17},"end":{"line":73,"column":18}},"18":{"start":{"line":74,"column":6},"end":{"line":74,"column":29}},"19":{"start":{"line":81,"column":4},"end":{"line":83,"column":5}},"20":{"start":{"line":82,"column":6},"end":{"line":82,"column":41}},"21":{"start":{"line":85,"column":4},"end":{"line":118,"column":6}}},"fnMap":{"0":{"name":"(anonymous_0)","decl":{"start":{"line":19,"column":2},"end":{"line":19,"column":3}},"loc":{"start":{"line":19,"column":21},"end":{"line":30,"column":3}},"line":19},"1":{"name":"(anonymous_1)","decl":{"start":{"line":32,"column":2},"end":{"line":32,"column":3}},"loc":{"start":{"line":32,"column":22},"end":{"line":46,"column":3}},"line":32},"2":{"name":"(anonymous_2)","decl":{"start":{"line":37,"column":12},"end":{"line":37,"column":13}},"loc":{"start":{"line":37,"column":18},"end":{"line":42,"column":7}},"line":37},"3":{"name":"(anonymous_3)","decl":{"start":{"line":38,"column":22},"end":{"line":38,"column":23}},"loc":{"start":{"line":38,"column":37},"end":{"line":41,"column":9}},"line":38},"4":{"name":"(anonymous_4)","decl":{"start":{"line":43,"column":13},"end":{"line":43,"column":14}},"loc":{"start":{"line":43,"column":24},"end":{"line":45,"column":7}},"line":43},"5":{"name":"(anonymous_5)","decl":{"start":{"line":48,"column":2},"end":{"line":48,"column":3}},"loc":{"start":{"line":48,"column":19},"end":{"line":59,"column":3}},"line":48},"6":{"name":"(anonymous_6)","decl":{"start":{"line":53,"column":12},"end":{"line":53,"column":13}},"loc":{"start":{"line":53,"column":21},"end":{"line":55,"column":7}},"line":53},"7":{"name":"(anonymous_7)","decl":{"start":{"line":56,"column":13},"end":{"line":56,"column":14}},"loc":{"start":{"line":56,"column":24},"end":{"line":58,"column":7}},"line":56},"8":{"name":"(anonymous_8)","decl":{"start":{"line":61,"column":2},"end":{"line":61,"column":3}},"loc":{"start":{"line":61,"column":19},"end":{"line":65,"column":3}},"line":61},"9":{"name":"(anonymous_9)","decl":{"start":{"line":67,"column":2},"end":{"line":67,"column":3}},"loc":{"start":{"line":67,"column":11},"end":{"line":119,"column":3}},"line":67}},"branchMap":{"0":{"loc":{"start":{"line":81,"column":4},"end":{"line":83,"column":5}},"type":"if","locations":[{"start":{"line":81,"column":4},"end":{"line":83,"column":5}},{"start":{},"end":{}}],"line":81},"1":{"loc":{"start":{"line":97,"column":9},"end":{"line":97,"column":65}},"type":"cond-expr","locations":[{"start":{"line":97,"column":25},"end":{"line":97,"column":58}},{"start":{"line":97,"column":61},"end":{"line":97,"column":65}}],"line":97},"2":{"loc":{"start":{"line":99,"column":9},"end":{"line":104,"column":9}},"type":"binary-expr","locations":[{"start":{"line":99,"column":9},"end":{"line":99,"column":29}},{"start":{"line":99,"column":33},"end":{"line":99,"column":42}},{"start":{"line":100,"column":10},"end":{"line":103,"column":14}}],"line":99},"3":{"loc":{"start":{"line":105,"column":9},"end":{"line":105,"column":52}},"type":"binary-expr","locations":[{"start":{"line":105,"column":10},"end":{"line":105,"column":29}},{"start":{"line":105,"column":33},"end":{"line":105,"column":43}},{"start":{"line":105,"column":48},"end":{"line":105,"column":52}}],"line":105},"4":{"loc":{"start":{"line":107,"column":9},"end":{"line":107,"column":62}},"type":"cond-expr","locations":[{"start":{"line":107,"column":20},"end":{"line":107,"column":55}},{"start":{"line":107,"column":58},"end":{"line":107,"column":62}}],"line":107},"5":{"loc":{"start":{"line":108,"column":9},"end":{"line":108,"column":43}},"type":"cond-expr","locations":[{"start":{"line":108,"column":21},"end":{"line":108,"column":36}},{"start":{"line":108,"column":39},"end":{"line":108,"column":43}}],"line":108}},"s":{"0":1,"1":0,"2":0,"3":0,"4":0,"5":0,"6":0,"7":0,"8":0,"9":0,"10":0,"11":0,"12":0,"13":0,"14":0,"15":0,"16":0,"17":0,"18":0,"19":0,"20":0,"21":0},"f":{"0":0,"1":0,"2":0,"3":0,"4":0,"5":0,"6":0,"7":0,"8":0,"9":0},"b":{"0":[0,0],"1":[0,0],"2":[0,0,0],"3":[0,0,0],"4":[0,0],"5":[0,0]},"_coverageSchema":"1a1c01bbd47fc00a2c39e90264f33305004495a9","hash":"d1a52b70002cda46852db9458883d0e51c301e8e"}
,"/Users/karlithomas/Code/hackreactor/Project-Catwalk/src/Components/RatingsAndReview/Reviews.jsx": {"path":"/Users/karlithomas/Code/hackreactor/Project-Catwalk/src/Components/RatingsAndReview/Reviews.jsx","statementMap":{"0":{"start":{"line":7,"column":4},"end":{"line":7,"column":17}},"1":{"start":{"line":9,"column":4},"end":{"line":11,"column":6}},"2":{"start":{"line":13,"column":4},"end":{"line":13,"column":61}},"3":{"start":{"line":17,"column":4},"end":{"line":17,"column":27}},"4":{"start":{"line":18,"column":4},"end":{"line":18,"column":73}},"5":{"start":{"line":18,"column":33},"end":{"line":18,"column":70}},"6":{"start":{"line":22,"column":20},"end":{"line":22,"column":69}},"7":{"start":{"line":23,"column":4},"end":{"line":31,"column":6}},"8":{"start":{"line":26,"column":40},"end":{"line":26,"column":80}}},"fnMap":{"0":{"name":"(anonymous_0)","decl":{"start":{"line":6,"column":2},"end":{"line":6,"column":3}},"loc":{"start":{"line":6,"column":21},"end":{"line":14,"column":3}},"line":6},"1":{"name":"(anonymous_1)","decl":{"start":{"line":16,"column":2},"end":{"line":16,"column":3}},"loc":{"start":{"line":16,"column":26},"end":{"line":19,"column":3}},"line":16},"2":{"name":"(anonymous_2)","decl":{"start":{"line":18,"column":18},"end":{"line":18,"column":19}},"loc":{"start":{"line":18,"column":33},"end":{"line":18,"column":70}},"line":18},"3":{"name":"(anonymous_3)","decl":{"start":{"line":21,"column":2},"end":{"line":21,"column":3}},"loc":{"start":{"line":21,"column":11},"end":{"line":32,"column":3}},"line":21},"4":{"name":"(anonymous_4)","decl":{"start":{"line":26,"column":23},"end":{"line":26,"column":24}},"loc":{"start":{"line":26,"column":40},"end":{"line":26,"column":80}},"line":26}},"branchMap":{"0":{"loc":{"start":{"line":28,"column":10},"end":{"line":29,"column":74}},"type":"binary-expr","locations":[{"start":{"line":28,"column":10},"end":{"line":28,"column":58}},{"start":{"line":29,"column":13},"end":{"line":29,"column":74}}],"line":28}},"s":{"0":2,"1":2,"2":2,"3":0,"4":0,"5":0,"6":2,"7":2,"8":0},"f":{"0":2,"1":0,"2":0,"3":2,"4":0},"b":{"0":[2,0]},"_coverageSchema":"1a1c01bbd47fc00a2c39e90264f33305004495a9","hash":"06c20622af03aa32c82e1148cadb626eb18a37ca"}
,"/Users/karlithomas/Code/hackreactor/Project-Catwalk/src/Components/RatingsAndReview/StarRating.jsx": {"path":"/Users/karlithomas/Code/hackreactor/Project-Catwalk/src/Components/RatingsAndReview/StarRating.jsx","statementMap":{"0":{"start":{"line":5,"column":19},"end":{"line":19,"column":1}},"1":{"start":{"line":6,"column":14},"end":{"line":6,"column":32}},"2":{"start":{"line":7,"column":2},"end":{"line":7,"column":49}},"3":{"start":{"line":10,"column":2},"end":{"line":18,"column":4}},"4":{"start":{"line":21,"column":0},"end":{"line":23,"column":2}}},"fnMap":{"0":{"name":"StarRating","decl":{"start":{"line":5,"column":28},"end":{"line":5,"column":38}},"loc":{"start":{"line":5,"column":51},"end":{"line":19,"column":1}},"line":5}},"branchMap":{"0":{"loc":{"start":{"line":16,"column":7},"end":{"line":16,"column":50}},"type":"cond-expr","locations":[{"start":{"line":16,"column":25},"end":{"line":16,"column":42}},{"start":{"line":16,"column":45},"end":{"line":16,"column":50}}],"line":16}},"s":{"0":1,"1":2,"2":2,"3":2,"4":1},"f":{"0":2},"b":{"0":[0,2]},"_coverageSchema":"1a1c01bbd47fc00a2c39e90264f33305004495a9","hash":"aee5b75d5732f7ca8a8aa7e2dbd8f27fae35e024"}
,"/Users/karlithomas/Code/hackreactor/Project-Catwalk/src/Components/RatingsAndReview/StarRatingFetcher.jsx": {"path":"/Users/karlithomas/Code/hackreactor/Project-Catwalk/src/Components/RatingsAndReview/StarRatingFetcher.jsx","statementMap":{"0":{"start":{"line":6,"column":26},"end":{"line":22,"column":1}},"1":{"start":{"line":7,"column":12},"end":{"line":7,"column":14}},"2":{"start":{"line":8,"column":2},"end":{"line":11,"column":3}},"3":{"start":{"line":8,"column":15},"end":{"line":8,"column":16}},"4":{"start":{"line":8,"column":25},"end":{"line":8,"column":45}},"5":{"start":{"line":9,"column":14},"end":{"line":9,"column":21}},"6":{"start":{"line":10,"column":4},"end":{"line":10,"column":50}},"7":{"start":{"line":13,"column":16},"end":{"line":13,"column":17}},"8":{"start":{"line":14,"column":21},"end":{"line":14,"column":22}},"9":{"start":{"line":15,"column":2},"end":{"line":20,"column":3}},"10":{"start":{"line":15,"column":15},"end":{"line":15,"column":16}},"11":{"start":{"line":16,"column":4},"end":{"line":19,"column":5}},"12":{"start":{"line":17,"column":6},"end":{"line":17,"column":26}},"13":{"start":{"line":18,"column":6},"end":{"line":18,"column":27}},"14":{"start":{"line":21,"column":2},"end":{"line":21,"column":32}},"15":{"start":{"line":25,"column":26},"end":{"line":49,"column":1}},"16":{"start":{"line":26,"column":30},"end":{"line":26,"column":44}},"17":{"start":{"line":27,"column":2},"end":{"line":46,"column":24}},"18":{"start":{"line":28,"column":4},"end":{"line":30,"column":5}},"19":{"start":{"line":29,"column":6},"end":{"line":29,"column":13}},"20":{"start":{"line":32,"column":4},"end":{"line":45,"column":9}},"21":{"start":{"line":37,"column":8},"end":{"line":41,"column":9}},"22":{"start":{"line":38,"column":10},"end":{"line":38,"column":57}},"23":{"start":{"line":40,"column":10},"end":{"line":40,"column":70}},"24":{"start":{"line":44,"column":8},"end":{"line":44,"column":27}},"25":{"start":{"line":48,"column":2},"end":{"line":48,"column":42}}},"fnMap":{"0":{"name":"(anonymous_0)","decl":{"start":{"line":6,"column":26},"end":{"line":6,"column":27}},"loc":{"start":{"line":6,"column":39},"end":{"line":22,"column":1}},"line":6},"1":{"name":"StarRatingFetcher","decl":{"start":{"line":25,"column":35},"end":{"line":25,"column":52}},"loc":{"start":{"line":25,"column":72},"end":{"line":49,"column":1}},"line":25},"2":{"name":"(anonymous_2)","decl":{"start":{"line":27,"column":12},"end":{"line":27,"column":13}},"loc":{"start":{"line":27,"column":18},"end":{"line":46,"column":3}},"line":27},"3":{"name":"(anonymous_3)","decl":{"start":{"line":36,"column":12},"end":{"line":36,"column":13}},"loc":{"start":{"line":36,"column":21},"end":{"line":42,"column":7}},"line":36},"4":{"name":"(anonymous_4)","decl":{"start":{"line":43,"column":13},"end":{"line":43,"column":14}},"loc":{"start":{"line":43,"column":24},"end":{"line":45,"column":7}},"line":43}},"branchMap":{"0":{"loc":{"start":{"line":16,"column":4},"end":{"line":19,"column":5}},"type":"if","locations":[{"start":{"line":16,"column":4},"end":{"line":19,"column":5}},{"start":{},"end":{}}],"line":16},"1":{"loc":{"start":{"line":28,"column":4},"end":{"line":30,"column":5}},"type":"if","locations":[{"start":{"line":28,"column":4},"end":{"line":30,"column":5}},{"start":{},"end":{}}],"line":28},"2":{"loc":{"start":{"line":37,"column":8},"end":{"line":41,"column":9}},"type":"if","locations":[{"start":{"line":37,"column":8},"end":{"line":41,"column":9}},{"start":{"line":39,"column":15},"end":{"line":41,"column":9}}],"line":37}},"s":{"0":1,"1":0,"2":0,"3":0,"4":0,"5":0,"6":0,"7":0,"8":0,"9":0,"10":0,"11":0,"12":0,"13":0,"14":0,"15":1,"16":0,"17":0,"18":0,"19":0,"20":0,"21":0,"22":0,"23":0,"24":0,"25":0},"f":{"0":0,"1":0,"2":0,"3":0,"4":0},"b":{"0":[0,0],"1":[0,0],"2":[0,0]},"_coverageSchema":"1a1c01bbd47fc00a2c39e90264f33305004495a9","hash":"f8ced1a5b07cfe71e69a84108839a43165d6fe7f"}
}
