TN:
SF:src/Components/RatingsAndReview/NewReviewForm.jsx
FN:5,StarPicker
FN:11,(anonymous_1)
FN:33,(anonymous_2)
FN:60,(anonymous_3)
FN:66,(anonymous_4)
FN:77,(anonymous_5)
FN:84,(anonymous_6)
FN:104,(anonymous_7)
FN:116,(anonymous_8)
FN:118,(anonymous_9)
FN:122,(anonymous_10)
FN:125,(anonymous_11)
FN:156,(anonymous_12)
FN:167,(anonymous_13)
FN:170,(anonymous_14)
FN:188,(anonymous_15)
FN:193,(anonymous_16)
FN:243,(anonymous_17)
FN:258,(anonymous_18)
FN:263,(anonymous_19)
FN:270,(anonymous_20)
FN:272,(anonymous_21)
FN:282,(anonymous_22)
FN:286,(anonymous_23)
FNF:24
FNH:5
FNDA:1,StarPicker
FNDA:5,(anonymous_1)
FNDA:2,(anonymous_2)
FNDA:0,(anonymous_3)
FNDA:0,(anonymous_4)
FNDA:1,(anonymous_5)
FNDA:0,(anonymous_6)
FNDA:0,(anonymous_7)
FNDA:0,(anonymous_8)
FNDA:0,(anonymous_9)
FNDA:0,(anonymous_10)
FNDA:0,(anonymous_11)
FNDA:0,(anonymous_12)
FNDA:0,(anonymous_13)
FNDA:0,(anonymous_14)
FNDA:0,(anonymous_15)
FNDA:3,(anonymous_16)
FNDA:0,(anonymous_17)
FNDA:0,(anonymous_18)
FNDA:0,(anonymous_19)
FNDA:0,(anonymous_20)
FNDA:0,(anonymous_21)
FNDA:0,(anonymous_22)
FNDA:0,(anonymous_23)
DA:6,1
DA:12,5
DA:34,2
DA:36,2
DA:53,2
DA:54,2
DA:55,2
DA:56,2
DA:57,2
DA:61,0
DA:62,0
DA:63,0
DA:67,0
DA:68,0
DA:78,1
DA:79,1
DA:85,0
DA:86,0
DA:105,0
DA:106,0
DA:107,0
DA:108,0
DA:109,0
DA:111,0
DA:117,0
DA:118,0
DA:122,0
DA:126,0
DA:132,0
DA:142,0
DA:144,0
DA:156,0
DA:157,0
DA:158,0
DA:162,0
DA:168,0
DA:171,0
DA:189,0
DA:204,3
DA:209,3
DA:211,3
DA:215,3
DA:225,3
DA:226,2
DA:232,1
DA:243,0
DA:259,0
DA:263,0
DA:270,0
DA:272,0
DA:282,0
DA:286,0
LF:52
LH:18
BRDA:8,0,0,1
BRDA:8,0,1,0
BRDA:13,1,0,0
BRDA:13,1,1,5
BRDA:13,2,0,5
BRDA:13,2,1,0
BRDA:157,3,0,0
BRDA:157,3,1,0
BRDA:225,4,0,2
BRDA:225,4,1,1
BRDA:275,5,0,1
BRDA:275,5,1,0
BRF:12
BRH:6
end_of_record
TN:
SF:src/Components/RatingsAndReview/ProductBreakdown.jsx
FN:3,ProductBreakdown
FNF:1
FNH:0
FNDA:0,ProductBreakdown
DA:4,0
DA:5,0
LF:2
LH:0
BRDA:4,0,0,0
BRDA:4,0,1,0
BRF:2
BRH:0
end_of_record
TN:
SF:src/Components/RatingsAndReview/RARApp.jsx
FN:11,(anonymous_0)
FN:30,(anonymous_1)
FN:48,(anonymous_2)
FN:56,(anonymous_3)
FN:65,(anonymous_4)
FN:70,(anonymous_5)
FN:75,(anonymous_6)
FN:80,(anonymous_7)
FN:85,(anonymous_8)
FN:91,(anonymous_9)
FN:94,(anonymous_10)
FN:95,(anonymous_11)
FN:97,(anonymous_12)
FN:102,(anonymous_13)
FN:105,(anonymous_14)
FN:112,(anonymous_15)
FN:120,(anonymous_16)
FN:133,(anonymous_17)
FNF:18
FNH:7
FNDA:0,(anonymous_0)
FNDA:2,(anonymous_1)
FNDA:2,(anonymous_2)
FNDA:0,(anonymous_3)
FNDA:2,(anonymous_4)
FNDA:0,(anonymous_5)
FNDA:2,(anonymous_6)
FNDA:2,(anonymous_7)
FNDA:0,(anonymous_8)
FNDA:2,(anonymous_9)
FNDA:0,(anonymous_10)
FNDA:0,(anonymous_11)
FNDA:0,(anonymous_12)
FNDA:0,(anonymous_13)
FNDA:0,(anonymous_14)
FNDA:2,(anonymous_15)
FNDA:0,(anonymous_16)
FNDA:0,(anonymous_17)
DA:11,1
DA:12,0
DA:13,0
DA:14,0
DA:15,0
DA:18,0
DA:19,0
DA:20,0
DA:21,0
DA:22,0
DA:23,0
DA:26,0
DA:31,2
DA:33,2
DA:42,2
DA:43,2
DA:44,2
DA:45,2
DA:49,2
DA:51,2
DA:52,2
DA:57,0
DA:60,0
DA:61,0
DA:66,2
DA:71,0
DA:76,2
DA:81,2
DA:86,0
DA:91,2
DA:95,0
DA:96,0
DA:97,0
DA:99,0
DA:102,0
DA:106,0
DA:107,0
DA:113,2
DA:114,2
DA:117,2
DA:119,2
DA:120,0
DA:123,2
DA:133,2
DA:134,0
DA:144,2
LF:46
LH:21
BRDA:21,0,0,0
BRDA:21,0,1,0
BRDA:49,1,0,2
BRDA:49,1,1,0
BRDA:57,2,0,0
BRDA:57,2,1,0
BRDA:57,3,0,0
BRDA:57,3,1,0
BRDA:57,3,2,0
BRDA:96,4,0,0
BRDA:96,4,1,0
BRDA:119,5,0,0
BRDA:119,5,1,2
BRDA:133,6,0,2
BRDA:133,6,1,2
BRF:15
BRH:4
end_of_record
TN:
SF:src/Components/RatingsAndReview/RatingBreakdown.jsx
FN:5,(anonymous_0)
FN:14,(anonymous_1)
FN:18,(anonymous_2)
FN:24,(anonymous_3)
FN:29,(anonymous_4)
FN:37,(anonymous_5)
FN:42,(anonymous_6)
FN:50,(anonymous_7)
FN:55,(anonymous_8)
FN:59,(anonymous_9)
FNF:10
FNH:5
FNDA:2,(anonymous_0)
FNDA:2,(anonymous_1)
FNDA:0,(anonymous_2)
FNDA:2,(anonymous_3)
FNDA:0,(anonymous_4)
FNDA:2,(anonymous_5)
FNDA:2,(anonymous_6)
FNDA:0,(anonymous_7)
FNDA:0,(anonymous_8)
FNDA:0,(anonymous_9)
DA:6,2
DA:7,2
DA:11,2
DA:15,2
DA:19,0
DA:20,0
DA:25,2
DA:30,0
DA:38,2
DA:43,2
DA:44,2
DA:46,2
DA:47,2
DA:50,0
DA:52,0
DA:56,0
DA:59,0
LF:17
LH:10
BRDA:19,0,0,0
BRDA:19,0,1,0
BRDA:46,1,0,2
BRDA:46,1,1,0
BRDA:58,2,0,0
BRDA:58,2,1,0
BRDA:61,3,0,0
BRDA:61,3,1,0
BRF:8
BRH:1
end_of_record
TN:
SF:src/Components/RatingsAndReview/ReviewPhotoModal.jsx
FN:4,ReviewPhotoModal
FN:9,(anonymous_1)
FNF:2
FNH:0
FNDA:0,ReviewPhotoModal
FNDA:0,(anonymous_1)
DA:5,0
DA:9,0
LF:2
LH:0
BRF:0
BRH:0
end_of_record
TN:
SF:src/Components/RatingsAndReview/ReviewPhotos.jsx
FN:6,ReviewPhotos
FN:11,(anonymous_1)
FN:22,(anonymous_2)
FNF:3
FNH:1
FNDA:1,ReviewPhotos
FNDA:0,(anonymous_1)
FNDA:0,(anonymous_2)
DA:7,1
DA:9,1
DA:12,0
DA:13,0
DA:14,0
DA:16,0
DA:22,0
LF:7
LH:2
BRDA:13,0,0,0
BRDA:13,0,1,0
BRDA:27,1,0,1
BRDA:27,1,1,0
BRF:4
BRH:1
end_of_record
TN:
SF:src/Components/RatingsAndReview/ReviewTile.jsx
FN:19,(anonymous_0)
FN:32,(anonymous_1)
FN:37,(anonymous_2)
FN:38,(anonymous_3)
FN:43,(anonymous_4)
FN:48,(anonymous_5)
FN:53,(anonymous_6)
FN:56,(anonymous_7)
FN:61,(anonymous_8)
FN:67,(anonymous_9)
FNF:10
FNH:0
FNDA:0,(anonymous_0)
FNDA:0,(anonymous_1)
FNDA:0,(anonymous_2)
FNDA:0,(anonymous_3)
FNDA:0,(anonymous_4)
FNDA:0,(anonymous_5)
FNDA:0,(anonymous_6)
FNDA:0,(anonymous_7)
FNDA:0,(anonymous_8)
FNDA:0,(anonymous_9)
DA:8,1
DA:20,0
DA:22,0
DA:27,0
DA:28,0
DA:29,0
DA:33,0
DA:38,0
DA:44,0
DA:49,0
DA:54,0
DA:57,0
DA:62,0
DA:71,0
DA:72,0
DA:73,0
DA:74,0
DA:81,0
DA:82,0
DA:85,0
LF:20
LH:1
BRDA:81,0,0,0
BRDA:81,0,1,0
BRDA:97,1,0,0
BRDA:97,1,1,0
BRDA:99,2,0,0
BRDA:99,2,1,0
BRDA:99,2,2,0
BRDA:105,3,0,0
BRDA:105,3,1,0
BRDA:105,3,2,0
BRDA:107,4,0,0
BRDA:107,4,1,0
BRDA:108,5,0,0
BRDA:108,5,1,0
BRF:14
BRH:0
end_of_record
TN:
SF:src/Components/RatingsAndReview/Reviews.jsx
FN:6,(anonymous_0)
FN:16,(anonymous_1)
FN:18,(anonymous_2)
FN:21,(anonymous_3)
FN:26,(anonymous_4)
FNF:5
FNH:2
FNDA:2,(anonymous_0)
FNDA:0,(anonymous_1)
FNDA:0,(anonymous_2)
FNDA:2,(anonymous_3)
FNDA:0,(anonymous_4)
DA:7,2
DA:9,2
DA:13,2
DA:17,0
DA:18,0
DA:22,2
DA:23,2
DA:26,0
LF:8
LH:5
BRDA:28,0,0,2
BRDA:28,0,1,0
BRF:2
BRH:1
end_of_record
TN:
SF:src/Components/RatingsAndReview/StarRating.jsx
FN:5,StarRating
FNF:1
FNH:1
FNDA:2,StarRating
DA:5,1
DA:6,2
DA:7,2
DA:10,2
DA:21,1
LF:5
LH:5
BRDA:16,0,0,0
BRDA:16,0,1,2
BRF:2
BRH:1
end_of_record
TN:
SF:src/Components/RatingsAndReview/StarRatingFetcher.jsx
FN:6,(anonymous_0)
FN:25,StarRatingFetcher
FN:27,(anonymous_2)
FN:36,(anonymous_3)
FN:43,(anonymous_4)
FNF:5
FNH:0
FNDA:0,(anonymous_0)
FNDA:0,StarRatingFetcher
FNDA:0,(anonymous_2)
FNDA:0,(anonymous_3)
FNDA:0,(anonymous_4)
DA:6,1
DA:7,0
DA:8,0
DA:9,0
DA:10,0
DA:13,0
DA:14,0
DA:15,0
DA:16,0
DA:17,0
DA:18,0
DA:21,0
DA:25,1
DA:26,0
DA:27,0
DA:28,0
DA:29,0
DA:32,0
DA:37,0
DA:38,0
DA:40,0
DA:44,0
DA:48,0
LF:23
LH:2
BRDA:16,0,0,0
BRDA:16,0,1,0
BRDA:28,1,0,0
BRDA:28,1,1,0
BRDA:37,2,0,0
BRDA:37,2,1,0
BRF:6
BRH:0
end_of_record
